<?xml version="1.0" encoding="UTF-8"?>
<testsuite xmlns:xsi="http://www.w3.org/2001/XMLSchema-instance" xsi:noNamespaceSchemaLocation="https://maven.apache.org/surefire/maven-surefire-plugin/xsd/surefire-test-report.xsd" name="com.laioffer.staybooking.StaybookingApplicationTests" time="5.977" tests="1" errors="0" skipped="0" failures="0">
  <properties>
    <property name="java.specification.version" value="16"/>
    <property name="sun.jnu.encoding" value="UTF-8"/>
    <property name="java.class.path" value="/Users/wangxinyi/Documents/laioffer/项目班/Project 2 StayBooking/staybooking/target/test-classes:/Users/wangxinyi/Documents/laioffer/项目班/Project 2 StayBooking/staybooking/target/classes:/Users/wangxinyi/.m2/repository/com/google/maps/google-maps-services/0.18.1/google-maps-services-0.18.1.jar:/Users/wangxinyi/.m2/repository/com/squareup/okhttp3/okhttp/3.14.9/okhttp-3.14.9.jar:/Users/wangxinyi/.m2/repository/com/squareup/okio/okio/1.17.2/okio-1.17.2.jar:/Users/wangxinyi/.m2/repository/com/google/code/gson/gson/2.8.9/gson-2.8.9.jar:/Users/wangxinyi/.m2/repository/io/opencensus/opencensus-api/0.25.0/opencensus-api-0.25.0.jar:/Users/wangxinyi/.m2/repository/org/slf4j/slf4j-api/1.7.36/slf4j-api-1.7.36.jar:/Users/wangxinyi/.m2/repository/org/springframework/boot/spring-boot-starter-data-elasticsearch/2.6.5/spring-boot-starter-data-elasticsearch-2.6.5.jar:/Users/wangxinyi/.m2/repository/org/springframework/data/spring-data-elasticsearch/4.3.3/spring-data-elasticsearch-4.3.3.jar:/Users/wangxinyi/.m2/repository/org/springframework/spring-context/5.3.17/spring-context-5.3.17.jar:/Users/wangxinyi/.m2/repository/org/springframework/spring-tx/5.3.17/spring-tx-5.3.17.jar:/Users/wangxinyi/.m2/repository/org/springframework/data/spring-data-commons/2.6.3/spring-data-commons-2.6.3.jar:/Users/wangxinyi/.m2/repository/org/elasticsearch/plugin/transport-netty4-client/7.15.2/transport-netty4-client-7.15.2.jar:/Users/wangxinyi/.m2/repository/io/netty/netty-buffer/4.1.75.Final/netty-buffer-4.1.75.Final.jar:/Users/wangxinyi/.m2/repository/io/netty/netty-codec/4.1.75.Final/netty-codec-4.1.75.Final.jar:/Users/wangxinyi/.m2/repository/io/netty/netty-codec-http/4.1.75.Final/netty-codec-http-4.1.75.Final.jar:/Users/wangxinyi/.m2/repository/io/netty/netty-common/4.1.75.Final/netty-common-4.1.75.Final.jar:/Users/wangxinyi/.m2/repository/io/netty/netty-handler/4.1.75.Final/netty-handler-4.1.75.Final.jar:/Users/wangxinyi/.m2/repository/io/netty/netty-resolver/4.1.75.Final/netty-resolver-4.1.75.Final.jar:/Users/wangxinyi/.m2/repository/io/netty/netty-transport/4.1.75.Final/netty-transport-4.1.75.Final.jar:/Users/wangxinyi/.m2/repository/org/elasticsearch/client/elasticsearch-rest-high-level-client/7.15.2/elasticsearch-rest-high-level-client-7.15.2.jar:/Users/wangxinyi/.m2/repository/org/elasticsearch/elasticsearch/7.15.2/elasticsearch-7.15.2.jar:/Users/wangxinyi/.m2/repository/org/elasticsearch/elasticsearch-core/7.15.2/elasticsearch-core-7.15.2.jar:/Users/wangxinyi/.m2/repository/org/elasticsearch/elasticsearch-secure-sm/7.15.2/elasticsearch-secure-sm-7.15.2.jar:/Users/wangxinyi/.m2/repository/org/elasticsearch/elasticsearch-x-content/7.15.2/elasticsearch-x-content-7.15.2.jar:/Users/wangxinyi/.m2/repository/com/fasterxml/jackson/dataformat/jackson-dataformat-smile/2.13.2/jackson-dataformat-smile-2.13.2.jar:/Users/wangxinyi/.m2/repository/com/fasterxml/jackson/dataformat/jackson-dataformat-yaml/2.13.2/jackson-dataformat-yaml-2.13.2.jar:/Users/wangxinyi/.m2/repository/com/fasterxml/jackson/dataformat/jackson-dataformat-cbor/2.13.2/jackson-dataformat-cbor-2.13.2.jar:/Users/wangxinyi/.m2/repository/org/elasticsearch/elasticsearch-geo/7.15.2/elasticsearch-geo-7.15.2.jar:/Users/wangxinyi/.m2/repository/org/apache/lucene/lucene-core/8.9.0/lucene-core-8.9.0.jar:/Users/wangxinyi/.m2/repository/org/apache/lucene/lucene-analyzers-common/8.9.0/lucene-analyzers-common-8.9.0.jar:/Users/wangxinyi/.m2/repository/org/apache/lucene/lucene-backward-codecs/8.9.0/lucene-backward-codecs-8.9.0.jar:/Users/wangxinyi/.m2/repository/org/apache/lucene/lucene-grouping/8.9.0/lucene-grouping-8.9.0.jar:/Users/wangxinyi/.m2/repository/org/apache/lucene/lucene-highlighter/8.9.0/lucene-highlighter-8.9.0.jar:/Users/wangxinyi/.m2/repository/org/apache/lucene/lucene-join/8.9.0/lucene-join-8.9.0.jar:/Users/wangxinyi/.m2/repository/org/apache/lucene/lucene-memory/8.9.0/lucene-memory-8.9.0.jar:/Users/wangxinyi/.m2/repository/org/apache/lucene/lucene-misc/8.9.0/lucene-misc-8.9.0.jar:/Users/wangxinyi/.m2/repository/org/apache/lucene/lucene-queries/8.9.0/lucene-queries-8.9.0.jar:/Users/wangxinyi/.m2/repository/org/apache/lucene/lucene-queryparser/8.9.0/lucene-queryparser-8.9.0.jar:/Users/wangxinyi/.m2/repository/org/apache/lucene/lucene-sandbox/8.9.0/lucene-sandbox-8.9.0.jar:/Users/wangxinyi/.m2/repository/org/apache/lucene/lucene-spatial-extras/8.9.0/lucene-spatial-extras-8.9.0.jar:/Users/wangxinyi/.m2/repository/org/apache/lucene/lucene-spatial3d/8.9.0/lucene-spatial3d-8.9.0.jar:/Users/wangxinyi/.m2/repository/org/apache/lucene/lucene-suggest/8.9.0/lucene-suggest-8.9.0.jar:/Users/wangxinyi/.m2/repository/org/elasticsearch/elasticsearch-cli/7.15.2/elasticsearch-cli-7.15.2.jar:/Users/wangxinyi/.m2/repository/net/sf/jopt-simple/jopt-simple/5.0.2/jopt-simple-5.0.2.jar:/Users/wangxinyi/.m2/repository/com/carrotsearch/hppc/0.8.1/hppc-0.8.1.jar:/Users/wangxinyi/.m2/repository/org/lz4/lz4-java/1.8.0/lz4-java-1.8.0.jar:/Users/wangxinyi/.m2/repository/joda-time/joda-time/2.10.10/joda-time-2.10.10.jar:/Users/wangxinyi/.m2/repository/com/tdunning/t-digest/3.2/t-digest-3.2.jar:/Users/wangxinyi/.m2/repository/org/hdrhistogram/HdrHistogram/2.1.9/HdrHistogram-2.1.9.jar:/Users/wangxinyi/.m2/repository/org/elasticsearch/jna/5.7.0-1/jna-5.7.0-1.jar:/Users/wangxinyi/.m2/repository/org/elasticsearch/elasticsearch-plugin-classloader/7.15.2/elasticsearch-plugin-classloader-7.15.2.jar:/Users/wangxinyi/.m2/repository/org/elasticsearch/client/elasticsearch-rest-client/7.15.2/elasticsearch-rest-client-7.15.2.jar:/Users/wangxinyi/.m2/repository/org/apache/httpcomponents/httpclient/4.5.13/httpclient-4.5.13.jar:/Users/wangxinyi/.m2/repository/org/apache/httpcomponents/httpcore/4.4.15/httpcore-4.4.15.jar:/Users/wangxinyi/.m2/repository/org/apache/httpcomponents/httpasyncclient/4.1.5/httpasyncclient-4.1.5.jar:/Users/wangxinyi/.m2/repository/org/apache/httpcomponents/httpcore-nio/4.4.15/httpcore-nio-4.4.15.jar:/Users/wangxinyi/.m2/repository/commons-codec/commons-codec/1.15/commons-codec-1.15.jar:/Users/wangxinyi/.m2/repository/org/elasticsearch/plugin/mapper-extras-client/7.15.2/mapper-extras-client-7.15.2.jar:/Users/wangxinyi/.m2/repository/org/elasticsearch/plugin/parent-join-client/7.15.2/parent-join-client-7.15.2.jar:/Users/wangxinyi/.m2/repository/org/elasticsearch/plugin/aggs-matrix-stats-client/7.15.2/aggs-matrix-stats-client-7.15.2.jar:/Users/wangxinyi/.m2/repository/org/elasticsearch/plugin/rank-eval-client/7.15.2/rank-eval-client-7.15.2.jar:/Users/wangxinyi/.m2/repository/org/elasticsearch/plugin/lang-mustache-client/7.15.2/lang-mustache-client-7.15.2.jar:/Users/wangxinyi/.m2/repository/com/github/spullara/mustache/java/compiler/0.9.6/compiler-0.9.6.jar:/Users/wangxinyi/.m2/repository/io/jsonwebtoken/jjwt/0.9.1/jjwt-0.9.1.jar:/Users/wangxinyi/.m2/repository/com/fasterxml/jackson/core/jackson-databind/2.13.2/jackson-databind-2.13.2.jar:/Users/wangxinyi/.m2/repository/com/fasterxml/jackson/core/jackson-annotations/2.13.2/jackson-annotations-2.13.2.jar:/Users/wangxinyi/.m2/repository/org/springframework/boot/spring-boot-starter/2.6.5/spring-boot-starter-2.6.5.jar:/Users/wangxinyi/.m2/repository/org/springframework/boot/spring-boot/2.6.5/spring-boot-2.6.5.jar:/Users/wangxinyi/.m2/repository/org/springframework/boot/spring-boot-autoconfigure/2.6.5/spring-boot-autoconfigure-2.6.5.jar:/Users/wangxinyi/.m2/repository/org/springframework/boot/spring-boot-starter-logging/2.6.5/spring-boot-starter-logging-2.6.5.jar:/Users/wangxinyi/.m2/repository/ch/qos/logback/logback-classic/1.2.11/logback-classic-1.2.11.jar:/Users/wangxinyi/.m2/repository/ch/qos/logback/logback-core/1.2.11/logback-core-1.2.11.jar:/Users/wangxinyi/.m2/repository/org/apache/logging/log4j/log4j-to-slf4j/2.17.2/log4j-to-slf4j-2.17.2.jar:/Users/wangxinyi/.m2/repository/org/apache/logging/log4j/log4j-api/2.17.2/log4j-api-2.17.2.jar:/Users/wangxinyi/.m2/repository/org/slf4j/jul-to-slf4j/1.7.36/jul-to-slf4j-1.7.36.jar:/Users/wangxinyi/.m2/repository/jakarta/annotation/jakarta.annotation-api/1.3.5/jakarta.annotation-api-1.3.5.jar:/Users/wangxinyi/.m2/repository/org/springframework/spring-core/5.3.17/spring-core-5.3.17.jar:/Users/wangxinyi/.m2/repository/org/springframework/spring-jcl/5.3.17/spring-jcl-5.3.17.jar:/Users/wangxinyi/.m2/repository/org/yaml/snakeyaml/1.29/snakeyaml-1.29.jar:/Users/wangxinyi/.m2/repository/org/springframework/boot/spring-boot-starter-test/2.6.5/spring-boot-starter-test-2.6.5.jar:/Users/wangxinyi/.m2/repository/org/springframework/boot/spring-boot-test/2.6.5/spring-boot-test-2.6.5.jar:/Users/wangxinyi/.m2/repository/org/springframework/boot/spring-boot-test-autoconfigure/2.6.5/spring-boot-test-autoconfigure-2.6.5.jar:/Users/wangxinyi/.m2/repository/com/jayway/jsonpath/json-path/2.6.0/json-path-2.6.0.jar:/Users/wangxinyi/.m2/repository/net/minidev/json-smart/2.4.8/json-smart-2.4.8.jar:/Users/wangxinyi/.m2/repository/net/minidev/accessors-smart/2.4.8/accessors-smart-2.4.8.jar:/Users/wangxinyi/.m2/repository/org/ow2/asm/asm/9.1/asm-9.1.jar:/Users/wangxinyi/.m2/repository/jakarta/xml/bind/jakarta.xml.bind-api/2.3.3/jakarta.xml.bind-api-2.3.3.jar:/Users/wangxinyi/.m2/repository/jakarta/activation/jakarta.activation-api/1.2.2/jakarta.activation-api-1.2.2.jar:/Users/wangxinyi/.m2/repository/org/assertj/assertj-core/3.21.0/assertj-core-3.21.0.jar:/Users/wangxinyi/.m2/repository/org/hamcrest/hamcrest/2.2/hamcrest-2.2.jar:/Users/wangxinyi/.m2/repository/org/junit/jupiter/junit-jupiter/5.8.2/junit-jupiter-5.8.2.jar:/Users/wangxinyi/.m2/repository/org/junit/jupiter/junit-jupiter-api/5.8.2/junit-jupiter-api-5.8.2.jar:/Users/wangxinyi/.m2/repository/org/opentest4j/opentest4j/1.2.0/opentest4j-1.2.0.jar:/Users/wangxinyi/.m2/repository/org/junit/platform/junit-platform-commons/1.8.2/junit-platform-commons-1.8.2.jar:/Users/wangxinyi/.m2/repository/org/apiguardian/apiguardian-api/1.1.2/apiguardian-api-1.1.2.jar:/Users/wangxinyi/.m2/repository/org/junit/jupiter/junit-jupiter-params/5.8.2/junit-jupiter-params-5.8.2.jar:/Users/wangxinyi/.m2/repository/org/junit/jupiter/junit-jupiter-engine/5.8.2/junit-jupiter-engine-5.8.2.jar:/Users/wangxinyi/.m2/repository/org/junit/platform/junit-platform-engine/1.8.2/junit-platform-engine-1.8.2.jar:/Users/wangxinyi/.m2/repository/org/mockito/mockito-core/4.0.0/mockito-core-4.0.0.jar:/Users/wangxinyi/.m2/repository/net/bytebuddy/byte-buddy/1.11.22/byte-buddy-1.11.22.jar:/Users/wangxinyi/.m2/repository/net/bytebuddy/byte-buddy-agent/1.11.22/byte-buddy-agent-1.11.22.jar:/Users/wangxinyi/.m2/repository/org/objenesis/objenesis/3.2/objenesis-3.2.jar:/Users/wangxinyi/.m2/repository/org/mockito/mockito-junit-jupiter/4.0.0/mockito-junit-jupiter-4.0.0.jar:/Users/wangxinyi/.m2/repository/org/skyscreamer/jsonassert/1.5.0/jsonassert-1.5.0.jar:/Users/wangxinyi/.m2/repository/com/vaadin/external/google/android-json/0.0.20131108.vaadin1/android-json-0.0.20131108.vaadin1.jar:/Users/wangxinyi/.m2/repository/org/springframework/spring-test/5.3.17/spring-test-5.3.17.jar:/Users/wangxinyi/.m2/repository/org/xmlunit/xmlunit-core/2.8.4/xmlunit-core-2.8.4.jar:/Users/wangxinyi/.m2/repository/org/springframework/boot/spring-boot-starter-web/2.6.5/spring-boot-starter-web-2.6.5.jar:/Users/wangxinyi/.m2/repository/org/springframework/boot/spring-boot-starter-json/2.6.5/spring-boot-starter-json-2.6.5.jar:/Users/wangxinyi/.m2/repository/com/fasterxml/jackson/datatype/jackson-datatype-jdk8/2.13.2/jackson-datatype-jdk8-2.13.2.jar:/Users/wangxinyi/.m2/repository/com/fasterxml/jackson/datatype/jackson-datatype-jsr310/2.13.2/jackson-datatype-jsr310-2.13.2.jar:/Users/wangxinyi/.m2/repository/com/fasterxml/jackson/module/jackson-module-parameter-names/2.13.2/jackson-module-parameter-names-2.13.2.jar:/Users/wangxinyi/.m2/repository/org/springframework/boot/spring-boot-starter-tomcat/2.6.5/spring-boot-starter-tomcat-2.6.5.jar:/Users/wangxinyi/.m2/repository/org/apache/tomcat/embed/tomcat-embed-core/9.0.60/tomcat-embed-core-9.0.60.jar:/Users/wangxinyi/.m2/repository/org/apache/tomcat/embed/tomcat-embed-el/9.0.60/tomcat-embed-el-9.0.60.jar:/Users/wangxinyi/.m2/repository/org/apache/tomcat/embed/tomcat-embed-websocket/9.0.60/tomcat-embed-websocket-9.0.60.jar:/Users/wangxinyi/.m2/repository/org/springframework/spring-web/5.3.17/spring-web-5.3.17.jar:/Users/wangxinyi/.m2/repository/org/springframework/spring-beans/5.3.17/spring-beans-5.3.17.jar:/Users/wangxinyi/.m2/repository/org/springframework/spring-webmvc/5.3.17/spring-webmvc-5.3.17.jar:/Users/wangxinyi/.m2/repository/org/springframework/spring-expression/5.3.17/spring-expression-5.3.17.jar:/Users/wangxinyi/.m2/repository/org/springframework/boot/spring-boot-starter-data-jpa/2.6.5/spring-boot-starter-data-jpa-2.6.5.jar:/Users/wangxinyi/.m2/repository/org/springframework/boot/spring-boot-starter-aop/2.6.5/spring-boot-starter-aop-2.6.5.jar:/Users/wangxinyi/.m2/repository/org/aspectj/aspectjweaver/1.9.7/aspectjweaver-1.9.7.jar:/Users/wangxinyi/.m2/repository/org/springframework/boot/spring-boot-starter-jdbc/2.6.5/spring-boot-starter-jdbc-2.6.5.jar:/Users/wangxinyi/.m2/repository/com/zaxxer/HikariCP/4.0.3/HikariCP-4.0.3.jar:/Users/wangxinyi/.m2/repository/org/springframework/spring-jdbc/5.3.17/spring-jdbc-5.3.17.jar:/Users/wangxinyi/.m2/repository/jakarta/transaction/jakarta.transaction-api/1.3.3/jakarta.transaction-api-1.3.3.jar:/Users/wangxinyi/.m2/repository/jakarta/persistence/jakarta.persistence-api/2.2.3/jakarta.persistence-api-2.2.3.jar:/Users/wangxinyi/.m2/repository/org/hibernate/hibernate-core/5.6.7.Final/hibernate-core-5.6.7.Final.jar:/Users/wangxinyi/.m2/repository/org/jboss/logging/jboss-logging/3.4.3.Final/jboss-logging-3.4.3.Final.jar:/Users/wangxinyi/.m2/repository/antlr/antlr/2.7.7/antlr-2.7.7.jar:/Users/wangxinyi/.m2/repository/org/jboss/jandex/2.4.2.Final/jandex-2.4.2.Final.jar:/Users/wangxinyi/.m2/repository/com/fasterxml/classmate/1.5.1/classmate-1.5.1.jar:/Users/wangxinyi/.m2/repository/org/hibernate/common/hibernate-commons-annotations/5.1.2.Final/hibernate-commons-annotations-5.1.2.Final.jar:/Users/wangxinyi/.m2/repository/org/glassfish/jaxb/jaxb-runtime/2.3.6/jaxb-runtime-2.3.6.jar:/Users/wangxinyi/.m2/repository/org/glassfish/jaxb/txw2/2.3.6/txw2-2.3.6.jar:/Users/wangxinyi/.m2/repository/com/sun/istack/istack-commons-runtime/3.0.12/istack-commons-runtime-3.0.12.jar:/Users/wangxinyi/.m2/repository/com/sun/activation/jakarta.activation/1.2.2/jakarta.activation-1.2.2.jar:/Users/wangxinyi/.m2/repository/org/springframework/data/spring-data-jpa/2.6.3/spring-data-jpa-2.6.3.jar:/Users/wangxinyi/.m2/repository/org/springframework/spring-orm/5.3.17/spring-orm-5.3.17.jar:/Users/wangxinyi/.m2/repository/org/springframework/spring-aspects/5.3.17/spring-aspects-5.3.17.jar:/Users/wangxinyi/.m2/repository/mysql/mysql-connector-java/8.0.28/mysql-connector-java-8.0.28.jar:/Users/wangxinyi/.m2/repository/org/springframework/boot/spring-boot-starter-security/2.6.5/spring-boot-starter-security-2.6.5.jar:/Users/wangxinyi/.m2/repository/org/springframework/spring-aop/5.3.17/spring-aop-5.3.17.jar:/Users/wangxinyi/.m2/repository/org/springframework/security/spring-security-config/5.6.2/spring-security-config-5.6.2.jar:/Users/wangxinyi/.m2/repository/org/springframework/security/spring-security-core/5.6.2/spring-security-core-5.6.2.jar:/Users/wangxinyi/.m2/repository/org/springframework/security/spring-security-crypto/5.6.2/spring-security-crypto-5.6.2.jar:/Users/wangxinyi/.m2/repository/org/springframework/security/spring-security-web/5.6.2/spring-security-web-5.6.2.jar:/Users/wangxinyi/.m2/repository/com/google/cloud/google-cloud-storage/1.115.0/google-cloud-storage-1.115.0.jar:/Users/wangxinyi/.m2/repository/com/google/guava/guava/30.1.1-android/guava-30.1.1-android.jar:/Users/wangxinyi/.m2/repository/com/google/guava/failureaccess/1.0.1/failureaccess-1.0.1.jar:/Users/wangxinyi/.m2/repository/com/google/guava/listenablefuture/9999.0-empty-to-avoid-conflict-with-guava/listenablefuture-9999.0-empty-to-avoid-conflict-with-guava.jar:/Users/wangxinyi/.m2/repository/com/google/code/findbugs/jsr305/3.0.2/jsr305-3.0.2.jar:/Users/wangxinyi/.m2/repository/org/checkerframework/checker-compat-qual/2.5.5/checker-compat-qual-2.5.5.jar:/Users/wangxinyi/.m2/repository/com/google/errorprone/error_prone_annotations/2.7.1/error_prone_annotations-2.7.1.jar:/Users/wangxinyi/.m2/repository/com/google/j2objc/j2objc-annotations/1.3/j2objc-annotations-1.3.jar:/Users/wangxinyi/.m2/repository/com/google/http-client/google-http-client/1.39.2/google-http-client-1.39.2.jar:/Users/wangxinyi/.m2/repository/io/opencensus/opencensus-contrib-http-util/0.28.0/opencensus-contrib-http-util-0.28.0.jar:/Users/wangxinyi/.m2/repository/com/google/http-client/google-http-client-jackson2/1.39.2/google-http-client-jackson2-1.39.2.jar:/Users/wangxinyi/.m2/repository/com/fasterxml/jackson/core/jackson-core/2.13.2/jackson-core-2.13.2.jar:/Users/wangxinyi/.m2/repository/com/google/api-client/google-api-client/1.31.5/google-api-client-1.31.5.jar:/Users/wangxinyi/.m2/repository/com/google/oauth-client/google-oauth-client/1.31.5/google-oauth-client-1.31.5.jar:/Users/wangxinyi/.m2/repository/com/google/http-client/google-http-client-gson/1.39.2/google-http-client-gson-1.39.2.jar:/Users/wangxinyi/.m2/repository/com/google/http-client/google-http-client-apache-v2/1.39.2/google-http-client-apache-v2-1.39.2.jar:/Users/wangxinyi/.m2/repository/com/google/apis/google-api-services-storage/v1-rev20210127-1.31.0/google-api-services-storage-v1-rev20210127-1.31.0.jar:/Users/wangxinyi/.m2/repository/com/google/cloud/google-cloud-core/1.94.8/google-cloud-core-1.94.8.jar:/Users/wangxinyi/.m2/repository/com/google/auto/value/auto-value-annotations/1.8.1/auto-value-annotations-1.8.1.jar:/Users/wangxinyi/.m2/repository/com/google/api/grpc/proto-google-common-protos/2.2.1/proto-google-common-protos-2.2.1.jar:/Users/wangxinyi/.m2/repository/com/google/cloud/google-cloud-core-http/1.94.8/google-cloud-core-http-1.94.8.jar:/Users/wangxinyi/.m2/repository/com/google/http-client/google-http-client-appengine/1.39.2/google-http-client-appengine-1.39.2.jar:/Users/wangxinyi/.m2/repository/com/google/api/gax-httpjson/0.81.0/gax-httpjson-0.81.0.jar:/Users/wangxinyi/.m2/repository/com/google/api/gax/1.64.0/gax-1.64.0.jar:/Users/wangxinyi/.m2/repository/com/google/auth/google-auth-library-credentials/0.25.5/google-auth-library-credentials-0.25.5.jar:/Users/wangxinyi/.m2/repository/com/google/auth/google-auth-library-oauth2-http/0.25.5/google-auth-library-oauth2-http-0.25.5.jar:/Users/wangxinyi/.m2/repository/com/google/api/api-common/1.10.3/api-common-1.10.3.jar:/Users/wangxinyi/.m2/repository/javax/annotation/javax.annotation-api/1.3.2/javax.annotation-api-1.3.2.jar:/Users/wangxinyi/.m2/repository/io/grpc/grpc-context/1.37.1/grpc-context-1.37.1.jar:/Users/wangxinyi/.m2/repository/com/google/api/grpc/proto-google-iam-v1/1.0.14/proto-google-iam-v1-1.0.14.jar:/Users/wangxinyi/.m2/repository/com/google/protobuf/protobuf-java/3.17.0/protobuf-java-3.17.0.jar:/Users/wangxinyi/.m2/repository/com/google/protobuf/protobuf-java-util/3.17.0/protobuf-java-util-3.17.0.jar:/Users/wangxinyi/.m2/repository/org/threeten/threetenbp/1.5.1/threetenbp-1.5.1.jar:"/>
    <property name="java.vm.vendor" value="Azul Systems, Inc."/>
    <property name="sun.arch.data.model" value="64"/>
    <property name="java.vendor.url" value="http://www.azul.com/"/>
    <property name="os.name" value="Mac OS X"/>
    <property name="java.vm.specification.version" value="16"/>
    <property name="sun.java.launcher" value="SUN_STANDARD"/>
    <property name="user.country" value="US"/>
    <property name="sun.boot.library.path" value="/Users/wangxinyi/Library/Java/JavaVirtualMachines/azul-16.0.2/Contents/Home/lib"/>
    <property name="sun.java.command" value="/Users/wangxinyi/Documents/laioffer/项目班/Project 2 StayBooking/staybooking/target/surefire/surefirebooter3094361442306372183.jar /Users/wangxinyi/Documents/laioffer/项目班/Project 2 StayBooking/staybooking/target/surefire 2022-04-14T16-58-53_702-jvmRun1 surefire548136063555151873tmp surefire_07840184547561763604tmp"/>
    <property name="http.nonProxyHosts" value="local|*.local|169.254/16|*.169.254/16"/>
    <property name="jdk.debug" value="release"/>
    <property name="surefire.test.class.path" value="/Users/wangxinyi/Documents/laioffer/项目班/Project 2 StayBooking/staybooking/target/test-classes:/Users/wangxinyi/Documents/laioffer/项目班/Project 2 StayBooking/staybooking/target/classes:/Users/wangxinyi/.m2/repository/com/google/maps/google-maps-services/0.18.1/google-maps-services-0.18.1.jar:/Users/wangxinyi/.m2/repository/com/squareup/okhttp3/okhttp/3.14.9/okhttp-3.14.9.jar:/Users/wangxinyi/.m2/repository/com/squareup/okio/okio/1.17.2/okio-1.17.2.jar:/Users/wangxinyi/.m2/repository/com/google/code/gson/gson/2.8.9/gson-2.8.9.jar:/Users/wangxinyi/.m2/repository/io/opencensus/opencensus-api/0.25.0/opencensus-api-0.25.0.jar:/Users/wangxinyi/.m2/repository/org/slf4j/slf4j-api/1.7.36/slf4j-api-1.7.36.jar:/Users/wangxinyi/.m2/repository/org/springframework/boot/spring-boot-starter-data-elasticsearch/2.6.5/spring-boot-starter-data-elasticsearch-2.6.5.jar:/Users/wangxinyi/.m2/repository/org/springframework/data/spring-data-elasticsearch/4.3.3/spring-data-elasticsearch-4.3.3.jar:/Users/wangxinyi/.m2/repository/org/springframework/spring-context/5.3.17/spring-context-5.3.17.jar:/Users/wangxinyi/.m2/repository/org/springframework/spring-tx/5.3.17/spring-tx-5.3.17.jar:/Users/wangxinyi/.m2/repository/org/springframework/data/spring-data-commons/2.6.3/spring-data-commons-2.6.3.jar:/Users/wangxinyi/.m2/repository/org/elasticsearch/plugin/transport-netty4-client/7.15.2/transport-netty4-client-7.15.2.jar:/Users/wangxinyi/.m2/repository/io/netty/netty-buffer/4.1.75.Final/netty-buffer-4.1.75.Final.jar:/Users/wangxinyi/.m2/repository/io/netty/netty-codec/4.1.75.Final/netty-codec-4.1.75.Final.jar:/Users/wangxinyi/.m2/repository/io/netty/netty-codec-http/4.1.75.Final/netty-codec-http-4.1.75.Final.jar:/Users/wangxinyi/.m2/repository/io/netty/netty-common/4.1.75.Final/netty-common-4.1.75.Final.jar:/Users/wangxinyi/.m2/repository/io/netty/netty-handler/4.1.75.Final/netty-handler-4.1.75.Final.jar:/Users/wangxinyi/.m2/repository/io/netty/netty-resolver/4.1.75.Final/netty-resolver-4.1.75.Final.jar:/Users/wangxinyi/.m2/repository/io/netty/netty-transport/4.1.75.Final/netty-transport-4.1.75.Final.jar:/Users/wangxinyi/.m2/repository/org/elasticsearch/client/elasticsearch-rest-high-level-client/7.15.2/elasticsearch-rest-high-level-client-7.15.2.jar:/Users/wangxinyi/.m2/repository/org/elasticsearch/elasticsearch/7.15.2/elasticsearch-7.15.2.jar:/Users/wangxinyi/.m2/repository/org/elasticsearch/elasticsearch-core/7.15.2/elasticsearch-core-7.15.2.jar:/Users/wangxinyi/.m2/repository/org/elasticsearch/elasticsearch-secure-sm/7.15.2/elasticsearch-secure-sm-7.15.2.jar:/Users/wangxinyi/.m2/repository/org/elasticsearch/elasticsearch-x-content/7.15.2/elasticsearch-x-content-7.15.2.jar:/Users/wangxinyi/.m2/repository/com/fasterxml/jackson/dataformat/jackson-dataformat-smile/2.13.2/jackson-dataformat-smile-2.13.2.jar:/Users/wangxinyi/.m2/repository/com/fasterxml/jackson/dataformat/jackson-dataformat-yaml/2.13.2/jackson-dataformat-yaml-2.13.2.jar:/Users/wangxinyi/.m2/repository/com/fasterxml/jackson/dataformat/jackson-dataformat-cbor/2.13.2/jackson-dataformat-cbor-2.13.2.jar:/Users/wangxinyi/.m2/repository/org/elasticsearch/elasticsearch-geo/7.15.2/elasticsearch-geo-7.15.2.jar:/Users/wangxinyi/.m2/repository/org/apache/lucene/lucene-core/8.9.0/lucene-core-8.9.0.jar:/Users/wangxinyi/.m2/repository/org/apache/lucene/lucene-analyzers-common/8.9.0/lucene-analyzers-common-8.9.0.jar:/Users/wangxinyi/.m2/repository/org/apache/lucene/lucene-backward-codecs/8.9.0/lucene-backward-codecs-8.9.0.jar:/Users/wangxinyi/.m2/repository/org/apache/lucene/lucene-grouping/8.9.0/lucene-grouping-8.9.0.jar:/Users/wangxinyi/.m2/repository/org/apache/lucene/lucene-highlighter/8.9.0/lucene-highlighter-8.9.0.jar:/Users/wangxinyi/.m2/repository/org/apache/lucene/lucene-join/8.9.0/lucene-join-8.9.0.jar:/Users/wangxinyi/.m2/repository/org/apache/lucene/lucene-memory/8.9.0/lucene-memory-8.9.0.jar:/Users/wangxinyi/.m2/repository/org/apache/lucene/lucene-misc/8.9.0/lucene-misc-8.9.0.jar:/Users/wangxinyi/.m2/repository/org/apache/lucene/lucene-queries/8.9.0/lucene-queries-8.9.0.jar:/Users/wangxinyi/.m2/repository/org/apache/lucene/lucene-queryparser/8.9.0/lucene-queryparser-8.9.0.jar:/Users/wangxinyi/.m2/repository/org/apache/lucene/lucene-sandbox/8.9.0/lucene-sandbox-8.9.0.jar:/Users/wangxinyi/.m2/repository/org/apache/lucene/lucene-spatial-extras/8.9.0/lucene-spatial-extras-8.9.0.jar:/Users/wangxinyi/.m2/repository/org/apache/lucene/lucene-spatial3d/8.9.0/lucene-spatial3d-8.9.0.jar:/Users/wangxinyi/.m2/repository/org/apache/lucene/lucene-suggest/8.9.0/lucene-suggest-8.9.0.jar:/Users/wangxinyi/.m2/repository/org/elasticsearch/elasticsearch-cli/7.15.2/elasticsearch-cli-7.15.2.jar:/Users/wangxinyi/.m2/repository/net/sf/jopt-simple/jopt-simple/5.0.2/jopt-simple-5.0.2.jar:/Users/wangxinyi/.m2/repository/com/carrotsearch/hppc/0.8.1/hppc-0.8.1.jar:/Users/wangxinyi/.m2/repository/org/lz4/lz4-java/1.8.0/lz4-java-1.8.0.jar:/Users/wangxinyi/.m2/repository/joda-time/joda-time/2.10.10/joda-time-2.10.10.jar:/Users/wangxinyi/.m2/repository/com/tdunning/t-digest/3.2/t-digest-3.2.jar:/Users/wangxinyi/.m2/repository/org/hdrhistogram/HdrHistogram/2.1.9/HdrHistogram-2.1.9.jar:/Users/wangxinyi/.m2/repository/org/elasticsearch/jna/5.7.0-1/jna-5.7.0-1.jar:/Users/wangxinyi/.m2/repository/org/elasticsearch/elasticsearch-plugin-classloader/7.15.2/elasticsearch-plugin-classloader-7.15.2.jar:/Users/wangxinyi/.m2/repository/org/elasticsearch/client/elasticsearch-rest-client/7.15.2/elasticsearch-rest-client-7.15.2.jar:/Users/wangxinyi/.m2/repository/org/apache/httpcomponents/httpclient/4.5.13/httpclient-4.5.13.jar:/Users/wangxinyi/.m2/repository/org/apache/httpcomponents/httpcore/4.4.15/httpcore-4.4.15.jar:/Users/wangxinyi/.m2/repository/org/apache/httpcomponents/httpasyncclient/4.1.5/httpasyncclient-4.1.5.jar:/Users/wangxinyi/.m2/repository/org/apache/httpcomponents/httpcore-nio/4.4.15/httpcore-nio-4.4.15.jar:/Users/wangxinyi/.m2/repository/commons-codec/commons-codec/1.15/commons-codec-1.15.jar:/Users/wangxinyi/.m2/repository/org/elasticsearch/plugin/mapper-extras-client/7.15.2/mapper-extras-client-7.15.2.jar:/Users/wangxinyi/.m2/repository/org/elasticsearch/plugin/parent-join-client/7.15.2/parent-join-client-7.15.2.jar:/Users/wangxinyi/.m2/repository/org/elasticsearch/plugin/aggs-matrix-stats-client/7.15.2/aggs-matrix-stats-client-7.15.2.jar:/Users/wangxinyi/.m2/repository/org/elasticsearch/plugin/rank-eval-client/7.15.2/rank-eval-client-7.15.2.jar:/Users/wangxinyi/.m2/repository/org/elasticsearch/plugin/lang-mustache-client/7.15.2/lang-mustache-client-7.15.2.jar:/Users/wangxinyi/.m2/repository/com/github/spullara/mustache/java/compiler/0.9.6/compiler-0.9.6.jar:/Users/wangxinyi/.m2/repository/io/jsonwebtoken/jjwt/0.9.1/jjwt-0.9.1.jar:/Users/wangxinyi/.m2/repository/com/fasterxml/jackson/core/jackson-databind/2.13.2/jackson-databind-2.13.2.jar:/Users/wangxinyi/.m2/repository/com/fasterxml/jackson/core/jackson-annotations/2.13.2/jackson-annotations-2.13.2.jar:/Users/wangxinyi/.m2/repository/org/springframework/boot/spring-boot-starter/2.6.5/spring-boot-starter-2.6.5.jar:/Users/wangxinyi/.m2/repository/org/springframework/boot/spring-boot/2.6.5/spring-boot-2.6.5.jar:/Users/wangxinyi/.m2/repository/org/springframework/boot/spring-boot-autoconfigure/2.6.5/spring-boot-autoconfigure-2.6.5.jar:/Users/wangxinyi/.m2/repository/org/springframework/boot/spring-boot-starter-logging/2.6.5/spring-boot-starter-logging-2.6.5.jar:/Users/wangxinyi/.m2/repository/ch/qos/logback/logback-classic/1.2.11/logback-classic-1.2.11.jar:/Users/wangxinyi/.m2/repository/ch/qos/logback/logback-core/1.2.11/logback-core-1.2.11.jar:/Users/wangxinyi/.m2/repository/org/apache/logging/log4j/log4j-to-slf4j/2.17.2/log4j-to-slf4j-2.17.2.jar:/Users/wangxinyi/.m2/repository/org/apache/logging/log4j/log4j-api/2.17.2/log4j-api-2.17.2.jar:/Users/wangxinyi/.m2/repository/org/slf4j/jul-to-slf4j/1.7.36/jul-to-slf4j-1.7.36.jar:/Users/wangxinyi/.m2/repository/jakarta/annotation/jakarta.annotation-api/1.3.5/jakarta.annotation-api-1.3.5.jar:/Users/wangxinyi/.m2/repository/org/springframework/spring-core/5.3.17/spring-core-5.3.17.jar:/Users/wangxinyi/.m2/repository/org/springframework/spring-jcl/5.3.17/spring-jcl-5.3.17.jar:/Users/wangxinyi/.m2/repository/org/yaml/snakeyaml/1.29/snakeyaml-1.29.jar:/Users/wangxinyi/.m2/repository/org/springframework/boot/spring-boot-starter-test/2.6.5/spring-boot-starter-test-2.6.5.jar:/Users/wangxinyi/.m2/repository/org/springframework/boot/spring-boot-test/2.6.5/spring-boot-test-2.6.5.jar:/Users/wangxinyi/.m2/repository/org/springframework/boot/spring-boot-test-autoconfigure/2.6.5/spring-boot-test-autoconfigure-2.6.5.jar:/Users/wangxinyi/.m2/repository/com/jayway/jsonpath/json-path/2.6.0/json-path-2.6.0.jar:/Users/wangxinyi/.m2/repository/net/minidev/json-smart/2.4.8/json-smart-2.4.8.jar:/Users/wangxinyi/.m2/repository/net/minidev/accessors-smart/2.4.8/accessors-smart-2.4.8.jar:/Users/wangxinyi/.m2/repository/org/ow2/asm/asm/9.1/asm-9.1.jar:/Users/wangxinyi/.m2/repository/jakarta/xml/bind/jakarta.xml.bind-api/2.3.3/jakarta.xml.bind-api-2.3.3.jar:/Users/wangxinyi/.m2/repository/jakarta/activation/jakarta.activation-api/1.2.2/jakarta.activation-api-1.2.2.jar:/Users/wangxinyi/.m2/repository/org/assertj/assertj-core/3.21.0/assertj-core-3.21.0.jar:/Users/wangxinyi/.m2/repository/org/hamcrest/hamcrest/2.2/hamcrest-2.2.jar:/Users/wangxinyi/.m2/repository/org/junit/jupiter/junit-jupiter/5.8.2/junit-jupiter-5.8.2.jar:/Users/wangxinyi/.m2/repository/org/junit/jupiter/junit-jupiter-api/5.8.2/junit-jupiter-api-5.8.2.jar:/Users/wangxinyi/.m2/repository/org/opentest4j/opentest4j/1.2.0/opentest4j-1.2.0.jar:/Users/wangxinyi/.m2/repository/org/junit/platform/junit-platform-commons/1.8.2/junit-platform-commons-1.8.2.jar:/Users/wangxinyi/.m2/repository/org/apiguardian/apiguardian-api/1.1.2/apiguardian-api-1.1.2.jar:/Users/wangxinyi/.m2/repository/org/junit/jupiter/junit-jupiter-params/5.8.2/junit-jupiter-params-5.8.2.jar:/Users/wangxinyi/.m2/repository/org/junit/jupiter/junit-jupiter-engine/5.8.2/junit-jupiter-engine-5.8.2.jar:/Users/wangxinyi/.m2/repository/org/junit/platform/junit-platform-engine/1.8.2/junit-platform-engine-1.8.2.jar:/Users/wangxinyi/.m2/repository/org/mockito/mockito-core/4.0.0/mockito-core-4.0.0.jar:/Users/wangxinyi/.m2/repository/net/bytebuddy/byte-buddy/1.11.22/byte-buddy-1.11.22.jar:/Users/wangxinyi/.m2/repository/net/bytebuddy/byte-buddy-agent/1.11.22/byte-buddy-agent-1.11.22.jar:/Users/wangxinyi/.m2/repository/org/objenesis/objenesis/3.2/objenesis-3.2.jar:/Users/wangxinyi/.m2/repository/org/mockito/mockito-junit-jupiter/4.0.0/mockito-junit-jupiter-4.0.0.jar:/Users/wangxinyi/.m2/repository/org/skyscreamer/jsonassert/1.5.0/jsonassert-1.5.0.jar:/Users/wangxinyi/.m2/repository/com/vaadin/external/google/android-json/0.0.20131108.vaadin1/android-json-0.0.20131108.vaadin1.jar:/Users/wangxinyi/.m2/repository/org/springframework/spring-test/5.3.17/spring-test-5.3.17.jar:/Users/wangxinyi/.m2/repository/org/xmlunit/xmlunit-core/2.8.4/xmlunit-core-2.8.4.jar:/Users/wangxinyi/.m2/repository/org/springframework/boot/spring-boot-starter-web/2.6.5/spring-boot-starter-web-2.6.5.jar:/Users/wangxinyi/.m2/repository/org/springframework/boot/spring-boot-starter-json/2.6.5/spring-boot-starter-json-2.6.5.jar:/Users/wangxinyi/.m2/repository/com/fasterxml/jackson/datatype/jackson-datatype-jdk8/2.13.2/jackson-datatype-jdk8-2.13.2.jar:/Users/wangxinyi/.m2/repository/com/fasterxml/jackson/datatype/jackson-datatype-jsr310/2.13.2/jackson-datatype-jsr310-2.13.2.jar:/Users/wangxinyi/.m2/repository/com/fasterxml/jackson/module/jackson-module-parameter-names/2.13.2/jackson-module-parameter-names-2.13.2.jar:/Users/wangxinyi/.m2/repository/org/springframework/boot/spring-boot-starter-tomcat/2.6.5/spring-boot-starter-tomcat-2.6.5.jar:/Users/wangxinyi/.m2/repository/org/apache/tomcat/embed/tomcat-embed-core/9.0.60/tomcat-embed-core-9.0.60.jar:/Users/wangxinyi/.m2/repository/org/apache/tomcat/embed/tomcat-embed-el/9.0.60/tomcat-embed-el-9.0.60.jar:/Users/wangxinyi/.m2/repository/org/apache/tomcat/embed/tomcat-embed-websocket/9.0.60/tomcat-embed-websocket-9.0.60.jar:/Users/wangxinyi/.m2/repository/org/springframework/spring-web/5.3.17/spring-web-5.3.17.jar:/Users/wangxinyi/.m2/repository/org/springframework/spring-beans/5.3.17/spring-beans-5.3.17.jar:/Users/wangxinyi/.m2/repository/org/springframework/spring-webmvc/5.3.17/spring-webmvc-5.3.17.jar:/Users/wangxinyi/.m2/repository/org/springframework/spring-expression/5.3.17/spring-expression-5.3.17.jar:/Users/wangxinyi/.m2/repository/org/springframework/boot/spring-boot-starter-data-jpa/2.6.5/spring-boot-starter-data-jpa-2.6.5.jar:/Users/wangxinyi/.m2/repository/org/springframework/boot/spring-boot-starter-aop/2.6.5/spring-boot-starter-aop-2.6.5.jar:/Users/wangxinyi/.m2/repository/org/aspectj/aspectjweaver/1.9.7/aspectjweaver-1.9.7.jar:/Users/wangxinyi/.m2/repository/org/springframework/boot/spring-boot-starter-jdbc/2.6.5/spring-boot-starter-jdbc-2.6.5.jar:/Users/wangxinyi/.m2/repository/com/zaxxer/HikariCP/4.0.3/HikariCP-4.0.3.jar:/Users/wangxinyi/.m2/repository/org/springframework/spring-jdbc/5.3.17/spring-jdbc-5.3.17.jar:/Users/wangxinyi/.m2/repository/jakarta/transaction/jakarta.transaction-api/1.3.3/jakarta.transaction-api-1.3.3.jar:/Users/wangxinyi/.m2/repository/jakarta/persistence/jakarta.persistence-api/2.2.3/jakarta.persistence-api-2.2.3.jar:/Users/wangxinyi/.m2/repository/org/hibernate/hibernate-core/5.6.7.Final/hibernate-core-5.6.7.Final.jar:/Users/wangxinyi/.m2/repository/org/jboss/logging/jboss-logging/3.4.3.Final/jboss-logging-3.4.3.Final.jar:/Users/wangxinyi/.m2/repository/antlr/antlr/2.7.7/antlr-2.7.7.jar:/Users/wangxinyi/.m2/repository/org/jboss/jandex/2.4.2.Final/jandex-2.4.2.Final.jar:/Users/wangxinyi/.m2/repository/com/fasterxml/classmate/1.5.1/classmate-1.5.1.jar:/Users/wangxinyi/.m2/repository/org/hibernate/common/hibernate-commons-annotations/5.1.2.Final/hibernate-commons-annotations-5.1.2.Final.jar:/Users/wangxinyi/.m2/repository/org/glassfish/jaxb/jaxb-runtime/2.3.6/jaxb-runtime-2.3.6.jar:/Users/wangxinyi/.m2/repository/org/glassfish/jaxb/txw2/2.3.6/txw2-2.3.6.jar:/Users/wangxinyi/.m2/repository/com/sun/istack/istack-commons-runtime/3.0.12/istack-commons-runtime-3.0.12.jar:/Users/wangxinyi/.m2/repository/com/sun/activation/jakarta.activation/1.2.2/jakarta.activation-1.2.2.jar:/Users/wangxinyi/.m2/repository/org/springframework/data/spring-data-jpa/2.6.3/spring-data-jpa-2.6.3.jar:/Users/wangxinyi/.m2/repository/org/springframework/spring-orm/5.3.17/spring-orm-5.3.17.jar:/Users/wangxinyi/.m2/repository/org/springframework/spring-aspects/5.3.17/spring-aspects-5.3.17.jar:/Users/wangxinyi/.m2/repository/mysql/mysql-connector-java/8.0.28/mysql-connector-java-8.0.28.jar:/Users/wangxinyi/.m2/repository/org/springframework/boot/spring-boot-starter-security/2.6.5/spring-boot-starter-security-2.6.5.jar:/Users/wangxinyi/.m2/repository/org/springframework/spring-aop/5.3.17/spring-aop-5.3.17.jar:/Users/wangxinyi/.m2/repository/org/springframework/security/spring-security-config/5.6.2/spring-security-config-5.6.2.jar:/Users/wangxinyi/.m2/repository/org/springframework/security/spring-security-core/5.6.2/spring-security-core-5.6.2.jar:/Users/wangxinyi/.m2/repository/org/springframework/security/spring-security-crypto/5.6.2/spring-security-crypto-5.6.2.jar:/Users/wangxinyi/.m2/repository/org/springframework/security/spring-security-web/5.6.2/spring-security-web-5.6.2.jar:/Users/wangxinyi/.m2/repository/com/google/cloud/google-cloud-storage/1.115.0/google-cloud-storage-1.115.0.jar:/Users/wangxinyi/.m2/repository/com/google/guava/guava/30.1.1-android/guava-30.1.1-android.jar:/Users/wangxinyi/.m2/repository/com/google/guava/failureaccess/1.0.1/failureaccess-1.0.1.jar:/Users/wangxinyi/.m2/repository/com/google/guava/listenablefuture/9999.0-empty-to-avoid-conflict-with-guava/listenablefuture-9999.0-empty-to-avoid-conflict-with-guava.jar:/Users/wangxinyi/.m2/repository/com/google/code/findbugs/jsr305/3.0.2/jsr305-3.0.2.jar:/Users/wangxinyi/.m2/repository/org/checkerframework/checker-compat-qual/2.5.5/checker-compat-qual-2.5.5.jar:/Users/wangxinyi/.m2/repository/com/google/errorprone/error_prone_annotations/2.7.1/error_prone_annotations-2.7.1.jar:/Users/wangxinyi/.m2/repository/com/google/j2objc/j2objc-annotations/1.3/j2objc-annotations-1.3.jar:/Users/wangxinyi/.m2/repository/com/google/http-client/google-http-client/1.39.2/google-http-client-1.39.2.jar:/Users/wangxinyi/.m2/repository/io/opencensus/opencensus-contrib-http-util/0.28.0/opencensus-contrib-http-util-0.28.0.jar:/Users/wangxinyi/.m2/repository/com/google/http-client/google-http-client-jackson2/1.39.2/google-http-client-jackson2-1.39.2.jar:/Users/wangxinyi/.m2/repository/com/fasterxml/jackson/core/jackson-core/2.13.2/jackson-core-2.13.2.jar:/Users/wangxinyi/.m2/repository/com/google/api-client/google-api-client/1.31.5/google-api-client-1.31.5.jar:/Users/wangxinyi/.m2/repository/com/google/oauth-client/google-oauth-client/1.31.5/google-oauth-client-1.31.5.jar:/Users/wangxinyi/.m2/repository/com/google/http-client/google-http-client-gson/1.39.2/google-http-client-gson-1.39.2.jar:/Users/wangxinyi/.m2/repository/com/google/http-client/google-http-client-apache-v2/1.39.2/google-http-client-apache-v2-1.39.2.jar:/Users/wangxinyi/.m2/repository/com/google/apis/google-api-services-storage/v1-rev20210127-1.31.0/google-api-services-storage-v1-rev20210127-1.31.0.jar:/Users/wangxinyi/.m2/repository/com/google/cloud/google-cloud-core/1.94.8/google-cloud-core-1.94.8.jar:/Users/wangxinyi/.m2/repository/com/google/auto/value/auto-value-annotations/1.8.1/auto-value-annotations-1.8.1.jar:/Users/wangxinyi/.m2/repository/com/google/api/grpc/proto-google-common-protos/2.2.1/proto-google-common-protos-2.2.1.jar:/Users/wangxinyi/.m2/repository/com/google/cloud/google-cloud-core-http/1.94.8/google-cloud-core-http-1.94.8.jar:/Users/wangxinyi/.m2/repository/com/google/http-client/google-http-client-appengine/1.39.2/google-http-client-appengine-1.39.2.jar:/Users/wangxinyi/.m2/repository/com/google/api/gax-httpjson/0.81.0/gax-httpjson-0.81.0.jar:/Users/wangxinyi/.m2/repository/com/google/api/gax/1.64.0/gax-1.64.0.jar:/Users/wangxinyi/.m2/repository/com/google/auth/google-auth-library-credentials/0.25.5/google-auth-library-credentials-0.25.5.jar:/Users/wangxinyi/.m2/repository/com/google/auth/google-auth-library-oauth2-http/0.25.5/google-auth-library-oauth2-http-0.25.5.jar:/Users/wangxinyi/.m2/repository/com/google/api/api-common/1.10.3/api-common-1.10.3.jar:/Users/wangxinyi/.m2/repository/javax/annotation/javax.annotation-api/1.3.2/javax.annotation-api-1.3.2.jar:/Users/wangxinyi/.m2/repository/io/grpc/grpc-context/1.37.1/grpc-context-1.37.1.jar:/Users/wangxinyi/.m2/repository/com/google/api/grpc/proto-google-iam-v1/1.0.14/proto-google-iam-v1-1.0.14.jar:/Users/wangxinyi/.m2/repository/com/google/protobuf/protobuf-java/3.17.0/protobuf-java-3.17.0.jar:/Users/wangxinyi/.m2/repository/com/google/protobuf/protobuf-java-util/3.17.0/protobuf-java-util-3.17.0.jar:/Users/wangxinyi/.m2/repository/org/threeten/threetenbp/1.5.1/threetenbp-1.5.1.jar:"/>
    <property name="sun.cpu.endian" value="little"/>
    <property name="user.home" value="/Users/wangxinyi"/>
    <property name="user.language" value="en"/>
    <property name="java.specification.vendor" value="Oracle Corporation"/>
    <property name="java.version.date" value="2021-07-20"/>
    <property name="java.home" value="/Users/wangxinyi/Library/Java/JavaVirtualMachines/azul-16.0.2/Contents/Home"/>
    <property name="file.separator" value="/"/>
    <property name="basedir" value="/Users/wangxinyi/Documents/laioffer/项目班/Project 2 StayBooking/staybooking"/>
    <property name="java.vm.compressedOopsMode" value="Zero based"/>
    <property name="line.separator" value="&#10;"/>
    <property name="java.specification.name" value="Java Platform API Specification"/>
    <property name="java.vm.specification.vendor" value="Oracle Corporation"/>
    <property name="surefire.real.class.path" value="/Users/wangxinyi/Documents/laioffer/项目班/Project 2 StayBooking/staybooking/target/surefire/surefirebooter3094361442306372183.jar"/>
    <property name="sun.management.compiler" value="HotSpot 64-Bit Tiered Compilers"/>
    <property name="ftp.nonProxyHosts" value="local|*.local|169.254/16|*.169.254/16"/>
    <property name="java.runtime.version" value="16.0.2+7"/>
    <property name="user.name" value="wangxinyi"/>
    <property name="path.separator" value=":"/>
    <property name="os.version" value="12.0.1"/>
    <property name="java.runtime.name" value="OpenJDK Runtime Environment"/>
    <property name="file.encoding" value="UTF-8"/>
    <property name="java.vm.name" value="OpenJDK 64-Bit Server VM"/>
    <property name="java.vendor.version" value="Zulu16.32+15-CA"/>
    <property name="localRepository" value="/Users/wangxinyi/.m2/repository"/>
    <property name="java.vendor.url.bug" value="http://www.azul.com/support/"/>
    <property name="java.io.tmpdir" value="/var/folders/fr/_f912q8n03xd7t28h8gpwywr0000gn/T/"/>
    <property name="idea.version" value="2021.3.2"/>
    <property name="java.version" value="16.0.2"/>
    <property name="user.dir" value="/Users/wangxinyi/Documents/laioffer/项目班/Project 2 StayBooking/staybooking"/>
    <property name="os.arch" value="aarch64"/>
    <property name="java.vm.specification.name" value="Java Virtual Machine Specification"/>
    <property name="java.library.path" value="/Users/wangxinyi/Library/Java/Extensions:/Library/Java/Extensions:/Network/Library/Java/Extensions:/System/Library/Java/Extensions:/usr/lib/java:."/>
    <property name="java.vm.info" value="mixed mode"/>
    <property name="java.vendor" value="Azul Systems, Inc."/>
    <property name="java.vm.version" value="16.0.2+7"/>
    <property name="sun.io.unicode.encoding" value="UnicodeBig"/>
    <property name="socksNonProxyHosts" value="local|*.local|169.254/16|*.169.254/16"/>
    <property name="java.class.version" value="60.0"/>
  </properties>
  <testcase name="contextLoads" classname="com.laioffer.staybooking.StaybookingApplicationTests" time="0.179"/>
</testsuite>